<?xml version="1.0" encoding="UTF-8"?>
<testsuite name="com.example.demogradle.Controller.TestTest" tests="1" skipped="0" failures="0" errors="0" timestamp="2021-09-27T17:04:41" hostname="cys-ZZ" time="0.014">
  <properties/>
  <testcase name="テストクラスが複数でも正常にテストされること()" classname="com.example.demogradle.Controller.TestTest" time="0.014"/>
  <system-out><![CDATA[]]></system-out>
  <system-err><![CDATA[]]></system-err>
</testsuite>
